2025-11-30 13:07:50 [INFO]: GET /
2025-11-30 13:07:50 [INFO]: GET /transaction
2025-11-30 13:07:51 [INFO]: POST /auth/register/buyer
2025-11-30 13:07:51 [INFO]: POST /auth/register/seller
2025-11-30 13:07:51 [INFO]: POST /auth/register/buyer
2025-11-30 13:07:51 [INFO]: POST /auth/login
2025-11-30 13:07:51 [INFO]: POST /auth/login
2025-11-30 13:07:51 [INFO]: POST /auth/login
2025-11-30 13:07:51 [INFO]: POST /auth/login
2025-11-30 13:09:14 [INFO]: GET /
2025-11-30 13:09:14 [INFO]: GET /transaction
2025-11-30 13:09:14 [INFO]: POST /auth/register/buyer
2025-11-30 13:09:14 [INFO]: POST /auth/register/seller
2025-11-30 13:09:14 [INFO]: POST /auth/register/buyer
2025-11-30 13:09:14 [INFO]: POST /auth/login
2025-11-30 13:09:14 [INFO]: POST /auth/login
2025-11-30 13:09:14 [INFO]: POST /auth/login
2025-11-30 13:09:14 [INFO]: POST /auth/login
2025-11-30 13:09:28 [INFO]: GET /
2025-11-30 13:09:28 [INFO]: GET /transaction
2025-11-30 13:09:28 [INFO]: POST /auth/register/buyer
2025-11-30 13:09:28 [INFO]: POST /auth/register/seller
2025-11-30 13:09:28 [INFO]: POST /auth/register/buyer
2025-11-30 13:09:28 [INFO]: POST /auth/login
2025-11-30 13:09:28 [INFO]: POST /auth/login
2025-11-30 13:09:28 [INFO]: POST /auth/login
2025-11-30 13:09:28 [INFO]: POST /auth/login
2025-11-30 13:10:33 [INFO]: POST /api/auth/register/buyer
2025-11-30 13:10:33 [INFO]: Registering buyer: newbuyer@example.com
2025-11-30 13:10:34 [INFO]: POST /api/auth/register/seller
2025-11-30 13:10:34 [INFO]: Registering seller: newseller@example.com
2025-11-30 13:10:34 [INFO]: POST /api/auth/register/buyer
2025-11-30 13:10:34 [INFO]: Registering buyer: testbuyer@example.com
2025-11-30 13:10:34 [INFO]: POST /api/auth/login
2025-11-30 13:10:34 [INFO]: Processing login for: testbuyer@example.com
2025-11-30 13:10:34 [INFO]: POST /api/auth/login
2025-11-30 13:10:34 [INFO]: Processing login for: testseller@example.com
2025-11-30 13:10:34 [INFO]: POST /api/auth/login
2025-11-30 13:10:34 [INFO]: Processing login for: testbuyer@example.com
2025-11-30 13:10:35 [INFO]: POST /api/auth/login
2025-11-30 13:10:35 [INFO]: Processing login for: no-user@example.com
2025-11-30 13:10:49 [INFO]: GET /
2025-11-30 13:10:49 [INFO]: GET /transaction
2025-11-30 13:10:49 [INFO]: POST /api/auth/register/buyer
2025-11-30 13:10:49 [INFO]: Registering buyer: newbuyer@example.com
2025-11-30 13:10:49 [INFO]: POST /api/auth/register/seller
2025-11-30 13:10:49 [INFO]: Registering seller: newseller@example.com
2025-11-30 13:10:50 [INFO]: POST /api/auth/register/buyer
2025-11-30 13:10:50 [INFO]: Registering buyer: testbuyer@example.com
2025-11-30 13:10:50 [INFO]: POST /api/auth/login
2025-11-30 13:10:50 [INFO]: Processing login for: testbuyer@example.com
2025-11-30 13:10:50 [INFO]: POST /api/auth/login
2025-11-30 13:10:50 [INFO]: Processing login for: testseller@example.com
2025-11-30 13:10:51 [INFO]: POST /api/auth/login
2025-11-30 13:10:51 [INFO]: Processing login for: testbuyer@example.com
2025-11-30 13:10:51 [INFO]: POST /api/auth/login
2025-11-30 13:10:51 [INFO]: Processing login for: no-user@example.com
2025-11-30 13:11:06 [INFO]: GET /
2025-11-30 13:11:06 [INFO]: GET /transaction
2025-11-30 13:11:06 [INFO]: POST /api/auth/register/buyer
2025-11-30 13:11:06 [INFO]: Registering buyer: newbuyer@example.com
2025-11-30 13:11:07 [INFO]: POST /api/auth/register/seller
2025-11-30 13:11:07 [INFO]: Registering seller: newseller@example.com
2025-11-30 13:11:07 [INFO]: POST /api/auth/register/buyer
2025-11-30 13:11:07 [INFO]: Registering buyer: testbuyer@example.com
2025-11-30 13:11:07 [INFO]: POST /api/auth/login
2025-11-30 13:11:07 [INFO]: Processing login for: testbuyer@example.com
2025-11-30 13:11:07 [INFO]: POST /api/auth/login
2025-11-30 13:11:07 [INFO]: Processing login for: testseller@example.com
2025-11-30 13:11:08 [INFO]: POST /api/auth/login
2025-11-30 13:11:08 [INFO]: Processing login for: testbuyer@example.com
2025-11-30 13:11:08 [INFO]: POST /api/auth/login
2025-11-30 13:11:08 [INFO]: Processing login for: no-user@example.com
2025-11-30 13:11:33 [INFO]: GET /
2025-11-30 13:11:33 [INFO]: GET /transaction
2025-11-30 13:12:12 [INFO]: POST /api/auth/register/buyer
2025-11-30 13:12:12 [INFO]: Registering buyer: newbuyer@example.com
2025-11-30 13:12:12 [INFO]: POST /api/auth/register/seller
2025-11-30 13:12:12 [INFO]: Registering seller: newseller@example.com
2025-11-30 13:12:12 [INFO]: GET /
2025-11-30 13:12:12 [INFO]: GET /transaction
2025-11-30 13:12:12 [INFO]: POST /api/auth/register/buyer
2025-11-30 13:12:12 [INFO]: Registering buyer: testbuyer@example.com
2025-11-30 13:12:12 [INFO]: POST /api/auth/login
2025-11-30 13:12:12 [INFO]: Processing login for: testbuyer@example.com
2025-11-30 13:12:13 [INFO]: POST /api/auth/login
2025-11-30 13:12:13 [INFO]: Processing login for: testseller@example.com
2025-11-30 13:12:13 [INFO]: POST /api/auth/login
2025-11-30 13:12:13 [INFO]: Processing login for: testbuyer@example.com
2025-11-30 13:12:13 [INFO]: POST /api/auth/login
2025-11-30 13:12:13 [INFO]: Processing login for: no-user@example.com
2025-11-30 13:12:27 [INFO]: GET /
2025-11-30 13:12:27 [INFO]: GET /transaction
2025-11-30 13:12:27 [INFO]: POST /api/auth/register/buyer
2025-11-30 13:12:27 [INFO]: Registering buyer: newbuyer@example.com
2025-11-30 13:12:27 [INFO]: POST /api/auth/register/seller
2025-11-30 13:12:27 [INFO]: Registering seller: newseller@example.com
2025-11-30 13:12:28 [INFO]: POST /api/auth/register/buyer
2025-11-30 13:12:28 [INFO]: Registering buyer: testbuyer@example.com
2025-11-30 13:12:28 [INFO]: POST /api/auth/login
2025-11-30 13:12:28 [INFO]: Processing login for: testbuyer@example.com
2025-11-30 13:12:28 [INFO]: POST /api/auth/login
2025-11-30 13:12:28 [INFO]: Processing login for: testseller@example.com
2025-11-30 13:12:28 [INFO]: POST /api/auth/login
2025-11-30 13:12:28 [INFO]: Processing login for: testbuyer@example.com
2025-11-30 13:12:29 [INFO]: POST /api/auth/login
2025-11-30 13:12:29 [INFO]: Processing login for: no-user@example.com
